{"name": "Проверка появления заказа в разделе В работе", "status": "passed", "steps": [{"name": "Перейти на фид", "status": "passed", "start": 1724653949854, "stop": 1724653949963}, {"name": "Обновить страницу", "status": "passed", "start": 1724653949963, "stop": 1724653950095}, {"name": "Получить номер заказа в работе", "status": "broken", "statusDetails": {"message": "selenium.common.exceptions.StaleElementReferenceException: Message: stale element reference: stale element not found in the current frame\n  (Session info: chrome=127.0.6533.120); For documentation on this error, please visit: https://www.selenium.dev/documentation/webdriver/troubleshooting/errors#stale-element-reference-exception\nStacktrace:\n\tGetHandleVerifier [0x00007FF645289642+30946]\n\t(No symbol) [0x00007FF64523E3D9]\n\t(No symbol) [0x00007FF645136FDA]\n\t(No symbol) [0x00007FF64513DA57]\n\t(No symbol) [0x00007FF645140058]\n\t(No symbol) [0x00007FF6451CBD7B]\n\t(No symbol) [0x00007FF6451ACA6A]\n\t(No symbol) [0x00007FF6451CB041]\n\t(No symbol) [0x00007FF6451AC813]\n\t(No symbol) [0x00007FF64517A6E5]\n\t(No symbol) [0x00007FF64517B021]\n\tGetHandleVerifier [0x00007FF6453BF84D+1301229]\n\tGetHandleVerifier [0x00007FF6453CBDC7+1351783]\n\tGetHandleVerifier [0x00007FF6453C2A13+1313971]\n\tGetHandleVerifier [0x00007FF6452BDD16+245686]\n\t(No symbol) [0x00007FF64524759F]\n\t(No symbol) [0x00007FF645243814]\n\t(No symbol) [0x00007FF6452439A2]\n\t(No symbol) [0x00007FF64523A3FF]\n\tBaseThreadInitThunk [0x00007FFDA7A47374+20]\n\tRtlUserThreadStart [0x00007FFDA991CC91+33]\n\n", "trace": "  File \"C:\\Users\\Jason\\PycharmProjects\\Diplom_3\\.venv\\Lib\\site-packages\\allure_commons\\_allure.py\", line 192, in impl\n    return func(*a, **kw)\n           ^^^^^^^^^^^^^^\n  File \"C:\\Users\\Jason\\PycharmProjects\\Diplom_3\\pages\\order_feed_page.py\", line 29, in get_in_progress_id\n    return self.wait_thing(OrderFeedLocators.progress_status).text\n           ^^^^^^^^^^^^^^^^^^^^^^^^^^^^^^^^^^^^^^^^^^^^^^^^^^\n  File \"C:\\Users\\Jason\\PycharmProjects\\Diplom_3\\.venv\\Lib\\site-packages\\allure_commons\\_allure.py\", line 192, in impl\n    return func(*a, **kw)\n           ^^^^^^^^^^^^^^\n  File \"C:\\Users\\Jason\\PycharmProjects\\Diplom_3\\pages\\base_page.py\", line 21, in wait_thing\n    return WebDriverWait(self.driver, 30).until(expected_conditions.element_to_be_clickable(locator))\n           ^^^^^^^^^^^^^^^^^^^^^^^^^^^^^^^^^^^^^^^^^^^^^^^^^^^^^^^^^^^^^^^^^^^^^^^^^^^^^^^^^^^^^^^^^^\n  File \"C:\\Users\\Jason\\PycharmProjects\\Diplom_3\\.venv\\Lib\\site-packages\\selenium\\webdriver\\support\\wait.py\", line 96, in until\n    value = method(self._driver)\n            ^^^^^^^^^^^^^^^^^^^^\n  File \"C:\\Users\\Jason\\PycharmProjects\\Diplom_3\\.venv\\Lib\\site-packages\\selenium\\webdriver\\support\\expected_conditions.py\", line 364, in _predicate\n    element = visibility_of(target)(driver)\n              ^^^^^^^^^^^^^^^^^^^^^^^^^^^^^\n  File \"C:\\Users\\Jason\\PycharmProjects\\Diplom_3\\.venv\\Lib\\site-packages\\selenium\\webdriver\\support\\expected_conditions.py\", line 173, in _predicate\n    return _element_if_visible(element)\n           ^^^^^^^^^^^^^^^^^^^^^^^^^^^^\n  File \"C:\\Users\\Jason\\PycharmProjects\\Diplom_3\\.venv\\Lib\\site-packages\\selenium\\webdriver\\support\\expected_conditions.py\", line 179, in _element_if_visible\n    return element if element.is_displayed() == visibility else False\n                      ^^^^^^^^^^^^^^^^^^^^^^\n  File \"C:\\Users\\Jason\\PycharmProjects\\Diplom_3\\.venv\\Lib\\site-packages\\selenium\\webdriver\\remote\\webelement.py\", line 252, in is_displayed\n    return self.parent.execute_script(f\"/* isDisplayed */return ({isDisplayed_js}).apply(null, arguments);\", self)\n           ^^^^^^^^^^^^^^^^^^^^^^^^^^^^^^^^^^^^^^^^^^^^^^^^^^^^^^^^^^^^^^^^^^^^^^^^^^^^^^^^^^^^^^^^^^^^^^^^^^^^^^^\n  File \"C:\\Users\\Jason\\PycharmProjects\\Diplom_3\\.venv\\Lib\\site-packages\\selenium\\webdriver\\remote\\webdriver.py\", line 414, in execute_script\n    return self.execute(command, {\"script\": script, \"args\": converted_args})[\"value\"]\n           ^^^^^^^^^^^^^^^^^^^^^^^^^^^^^^^^^^^^^^^^^^^^^^^^^^^^^^^^^^^^^^^^^\n  File \"C:\\Users\\Jason\\PycharmProjects\\Diplom_3\\.venv\\Lib\\site-packages\\selenium\\webdriver\\remote\\webdriver.py\", line 354, in execute\n    self.error_handler.check_response(response)\n  File \"C:\\Users\\Jason\\PycharmProjects\\Diplom_3\\.venv\\Lib\\site-packages\\selenium\\webdriver\\remote\\errorhandler.py\", line 229, in check_response\n    raise exception_class(message, screen, stacktrace)\n"}, "steps": [{"name": "Ждем пока элемент прогрузится", "status": "passed", "parameters": [{"name": "locator", "value": "('xpath', '//ul[contains(@class, \"OrderFeed_orderListReady\")]//li[contains(@class, \"text\")][1]')"}], "start": 1724653953600, "stop": 1724653953615}, {"name": "Ждем пока элемент прогрузится", "status": "broken", "statusDetails": {"message": "selenium.common.exceptions.StaleElementReferenceException: Message: stale element reference: stale element not found in the current frame\n  (Session info: chrome=127.0.6533.120); For documentation on this error, please visit: https://www.selenium.dev/documentation/webdriver/troubleshooting/errors#stale-element-reference-exception\nStacktrace:\n\tGetHandleVerifier [0x00007FF645289642+30946]\n\t(No symbol) [0x00007FF64523E3D9]\n\t(No symbol) [0x00007FF645136FDA]\n\t(No symbol) [0x00007FF64513DA57]\n\t(No symbol) [0x00007FF645140058]\n\t(No symbol) [0x00007FF6451CBD7B]\n\t(No symbol) [0x00007FF6451ACA6A]\n\t(No symbol) [0x00007FF6451CB041]\n\t(No symbol) [0x00007FF6451AC813]\n\t(No symbol) [0x00007FF64517A6E5]\n\t(No symbol) [0x00007FF64517B021]\n\tGetHandleVerifier [0x00007FF6453BF84D+1301229]\n\tGetHandleVerifier [0x00007FF6453CBDC7+1351783]\n\tGetHandleVerifier [0x00007FF6453C2A13+1313971]\n\tGetHandleVerifier [0x00007FF6452BDD16+245686]\n\t(No symbol) [0x00007FF64524759F]\n\t(No symbol) [0x00007FF645243814]\n\t(No symbol) [0x00007FF6452439A2]\n\t(No symbol) [0x00007FF64523A3FF]\n\tBaseThreadInitThunk [0x00007FFDA7A47374+20]\n\tRtlUserThreadStart [0x00007FFDA991CC91+33]\n\n", "trace": "  File \"C:\\Users\\Jason\\PycharmProjects\\Diplom_3\\.venv\\Lib\\site-packages\\allure_commons\\_allure.py\", line 192, in impl\n    return func(*a, **kw)\n           ^^^^^^^^^^^^^^\n  File \"C:\\Users\\Jason\\PycharmProjects\\Diplom_3\\pages\\base_page.py\", line 21, in wait_thing\n    return WebDriverWait(self.driver, 30).until(expected_conditions.element_to_be_clickable(locator))\n           ^^^^^^^^^^^^^^^^^^^^^^^^^^^^^^^^^^^^^^^^^^^^^^^^^^^^^^^^^^^^^^^^^^^^^^^^^^^^^^^^^^^^^^^^^^\n  File \"C:\\Users\\Jason\\PycharmProjects\\Diplom_3\\.venv\\Lib\\site-packages\\selenium\\webdriver\\support\\wait.py\", line 96, in until\n    value = method(self._driver)\n            ^^^^^^^^^^^^^^^^^^^^\n  File \"C:\\Users\\Jason\\PycharmProjects\\Diplom_3\\.venv\\Lib\\site-packages\\selenium\\webdriver\\support\\expected_conditions.py\", line 364, in _predicate\n    element = visibility_of(target)(driver)\n              ^^^^^^^^^^^^^^^^^^^^^^^^^^^^^\n  File \"C:\\Users\\Jason\\PycharmProjects\\Diplom_3\\.venv\\Lib\\site-packages\\selenium\\webdriver\\support\\expected_conditions.py\", line 173, in _predicate\n    return _element_if_visible(element)\n           ^^^^^^^^^^^^^^^^^^^^^^^^^^^^\n  File \"C:\\Users\\Jason\\PycharmProjects\\Diplom_3\\.venv\\Lib\\site-packages\\selenium\\webdriver\\support\\expected_conditions.py\", line 179, in _element_if_visible\n    return element if element.is_displayed() == visibility else False\n                      ^^^^^^^^^^^^^^^^^^^^^^\n  File \"C:\\Users\\Jason\\PycharmProjects\\Diplom_3\\.venv\\Lib\\site-packages\\selenium\\webdriver\\remote\\webelement.py\", line 252, in is_displayed\n    return self.parent.execute_script(f\"/* isDisplayed */return ({isDisplayed_js}).apply(null, arguments);\", self)\n           ^^^^^^^^^^^^^^^^^^^^^^^^^^^^^^^^^^^^^^^^^^^^^^^^^^^^^^^^^^^^^^^^^^^^^^^^^^^^^^^^^^^^^^^^^^^^^^^^^^^^^^^\n  File \"C:\\Users\\Jason\\PycharmProjects\\Diplom_3\\.venv\\Lib\\site-packages\\selenium\\webdriver\\remote\\webdriver.py\", line 414, in execute_script\n    return self.execute(command, {\"script\": script, \"args\": converted_args})[\"value\"]\n           ^^^^^^^^^^^^^^^^^^^^^^^^^^^^^^^^^^^^^^^^^^^^^^^^^^^^^^^^^^^^^^^^^\n  File \"C:\\Users\\Jason\\PycharmProjects\\Diplom_3\\.venv\\Lib\\site-packages\\selenium\\webdriver\\remote\\webdriver.py\", line 354, in execute\n    self.error_handler.check_response(response)\n  File \"C:\\Users\\Jason\\PycharmProjects\\Diplom_3\\.venv\\Lib\\site-packages\\selenium\\webdriver\\remote\\errorhandler.py\", line 229, in check_response\n    raise exception_class(message, screen, stacktrace)\n"}, "parameters": [{"name": "locator", "value": "('xpath', '//ul[contains(@class, \"OrderFeed_orderListReady\")]//li[contains(@class, \"text\")][1]')"}], "start": 1724653953615, "stop": 1724653953629}], "start": 1724653953600, "stop": 1724653953631}, {"name": "Получить номер заказа в работе", "status": "passed", "steps": [{"name": "Ждем пока элемент прогрузится", "status": "passed", "parameters": [{"name": "locator", "value": "('xpath', '//ul[contains(@class, \"OrderFeed_orderListReady\")]//li[contains(@class, \"text\")][1]')"}], "start": 1724653953632, "stop": 1724653953643}, {"name": "Ждем пока элемент прогрузится", "status": "passed", "parameters": [{"name": "locator", "value": "('xpath', '//ul[contains(@class, \"OrderFeed_orderListReady\")]//li[contains(@class, \"text\")][1]')"}], "start": 1724653953643, "stop": 1724653953653}], "start": 1724653953631, "stop": 1724653953661}, {"name": "Получить номер заказа в работе", "status": "passed", "steps": [{"name": "Ждем пока элемент прогрузится", "status": "passed", "parameters": [{"name": "locator", "value": "('xpath', '//ul[contains(@class, \"OrderFeed_orderListReady\")]//li[contains(@class, \"text\")][1]')"}], "start": 1724653954662, "stop": 1724653954674}, {"name": "Ждем пока элемент прогрузится", "status": "passed", "parameters": [{"name": "locator", "value": "('xpath', '//ul[contains(@class, \"OrderFeed_orderListReady\")]//li[contains(@class, \"text\")][1]')"}], "start": 1724653954674, "stop": 1724653954686}], "start": 1724653954662, "stop": 1724653954690}, {"name": "Получить номер заказа в работе", "status": "passed", "steps": [{"name": "Ждем пока элемент прогрузится", "status": "passed", "parameters": [{"name": "locator", "value": "('xpath', '//ul[contains(@class, \"OrderFeed_orderListReady\")]//li[contains(@class, \"text\")][1]')"}], "start": 1724653955692, "stop": 1724653955703}, {"name": "Ждем пока элемент прогрузится", "status": "passed", "parameters": [{"name": "locator", "value": "('xpath', '//ul[contains(@class, \"OrderFeed_orderListReady\")]//li[contains(@class, \"text\")][1]')"}], "start": 1724653955703, "stop": 1724653955714}], "start": 1724653955692, "stop": 1724653955718}, {"name": "Получить номер заказа в работе", "status": "passed", "steps": [{"name": "Ждем пока элемент прогрузится", "status": "passed", "parameters": [{"name": "locator", "value": "('xpath', '//ul[contains(@class, \"OrderFeed_orderListReady\")]//li[contains(@class, \"text\")][1]')"}], "start": 1724653956719, "stop": 1724653956731}, {"name": "Ждем пока элемент прогрузится", "status": "passed", "parameters": [{"name": "locator", "value": "('xpath', '//ul[contains(@class, \"OrderFeed_orderListReady\")]//li[contains(@class, \"text\")][1]')"}], "start": 1724653956731, "stop": 1724653956744}], "start": 1724653956719, "stop": 1724653956749}, {"name": "Получить номер заказа в работе", "status": "passed", "steps": [{"name": "Ждем пока элемент прогрузится", "status": "passed", "parameters": [{"name": "locator", "value": "('xpath', '//ul[contains(@class, \"OrderFeed_orderListReady\")]//li[contains(@class, \"text\")][1]')"}], "start": 1724653957750, "stop": 1724653957762}, {"name": "Ждем пока элемент прогрузится", "status": "passed", "parameters": [{"name": "locator", "value": "('xpath', '//ul[contains(@class, \"OrderFeed_orderListReady\")]//li[contains(@class, \"text\")][1]')"}], "start": 1724653957762, "stop": 1724653957773}], "start": 1724653957750, "stop": 1724653957777}], "parameters": [{"name": "driver", "value": "'chrome'"}], "start": 1724653949854, "stop": 1724653957777, "uuid": "2ee37766-4b17-4863-a623-086311c92d0c", "historyId": "55eb64c0cecc854e2ef723d510b033cf", "testCaseId": "3e2923d3cad7b052769f2010e90d804d", "fullName": "tests.test_order_feed.TestOrderFeed#test_check_for_order_in_progress_success", "labels": [{"name": "parentSuite", "value": "tests"}, {"name": "suite", "value": "test_order_feed"}, {"name": "subSuite", "value": "TestOrderFeed"}, {"name": "host", "value": "SlyPC"}, {"name": "thread", "value": "9524-MainThread"}, {"name": "framework", "value": "pytest"}, {"name": "language", "value": "cpython3"}, {"name": "package", "value": "tests.test_order_feed"}]}