{"name": "Проверка выхода из аккаунта", "status": "broken", "statusDetails": {"message": "selenium.common.exceptions.TimeoutException: Message: \nStacktrace:\nRemoteError@chrome://remote/content/shared/RemoteError.sys.mjs:8:8\nWebDriverError@chrome://remote/content/shared/webdriver/Errors.sys.mjs:193:5\nNoSuchElementError@chrome://remote/content/shared/webdriver/Errors.sys.mjs:511:5\ndom.find/</<@chrome://remote/content/shared/DOM.sys.mjs:136:16", "trace": "self = <test_dashboard.TestDashboard object at 0x000002BF9219B9B0>, driver = <selenium.webdriver.firefox.webdriver.WebDriver (session=\"befa2fe0-c9cc-445b-bed4-1dd0a1238fab\")>\ncreate_user = ({'email': 'lnelson@example.com', 'name': 'Jason', 'password': '5Iw1FZjKs#'}, <Response [403]>), login_user = None\n\n    @allure.title(\"Проверка выхода из аккаунта\")\n    def test_logout_success(self, driver, create_user, login_user):\n        main_page = MainPage(driver)\n        dash_page = DashPage(driver)\n        login_page = LoginPage(driver)\n        main_page.click_dash()\n>       dash_page.click_logout()\n\ntests\\test_dashboard.py:33: \n_ _ _ _ _ _ _ _ _ _ _ _ _ _ _ _ _ _ _ _ _ _ _ _ _ _ _ _ _ _ _ _ _ _ _ _ _ _ _ _ _ _ _ _ _ _ _ _ _ _ _ _ _ _ _ _ _ _ _ _ _ _ _ _ _ _ _ _ _ _ _ _ _ _ _ _ _ _ _ _ _ _ _ _ _ _ _ _ _ _ _ _ _ _ _ _ _ _ _ _ _ _ _ _ _ _ _ _ _ _ _ _ _ _\npages\\dash_page.py:17: in click_logout\n    self.click_thing(DashPageLocators.logout_button)\npages\\base_page.py:24: in click_thing\n    element = self.wait_thing(locator)\npages\\base_page.py:20: in wait_thing\n    return WebDriverWait(self.driver, 30).until(expected_conditions.element_to_be_clickable(locator))\n_ _ _ _ _ _ _ _ _ _ _ _ _ _ _ _ _ _ _ _ _ _ _ _ _ _ _ _ _ _ _ _ _ _ _ _ _ _ _ _ _ _ _ _ _ _ _ _ _ _ _ _ _ _ _ _ _ _ _ _ _ _ _ _ _ _ _ _ _ _ _ _ _ _ _ _ _ _ _ _ _ _ _ _ _ _ _ _ _ _ _ _ _ _ _ _ _ _ _ _ _ _ _ _ _ _ _ _ _ _ _ _ _ _\n\nself = <selenium.webdriver.support.wait.WebDriverWait (session=\"befa2fe0-c9cc-445b-bed4-1dd0a1238fab\")>, method = <function element_to_be_clickable.<locals>._predicate at 0x000002BF922B8360>, message = ''\n\n    def until(self, method: Callable[[D], Union[Literal[False], T]], message: str = \"\") -> T:\n        \"\"\"Calls the method provided with the driver as an argument until the \\\n        return value does not evaluate to ``False``.\n    \n        :param method: callable(WebDriver)\n        :param message: optional message for :exc:`TimeoutException`\n        :returns: the result of the last call to `method`\n        :raises: :exc:`selenium.common.exceptions.TimeoutException` if timeout occurs\n        \"\"\"\n        screen = None\n        stacktrace = None\n    \n        end_time = time.monotonic() + self._timeout\n        while True:\n            try:\n                value = method(self._driver)\n                if value:\n                    return value\n            except self._ignored_exceptions as exc:\n                screen = getattr(exc, \"screen\", None)\n                stacktrace = getattr(exc, \"stacktrace\", None)\n            time.sleep(self._poll)\n            if time.monotonic() > end_time:\n                break\n>       raise TimeoutException(message, screen, stacktrace)\nE       selenium.common.exceptions.TimeoutException: Message: \nE       Stacktrace:\nE       RemoteError@chrome://remote/content/shared/RemoteError.sys.mjs:8:8\nE       WebDriverError@chrome://remote/content/shared/webdriver/Errors.sys.mjs:193:5\nE       NoSuchElementError@chrome://remote/content/shared/webdriver/Errors.sys.mjs:511:5\nE       dom.find/</<@chrome://remote/content/shared/DOM.sys.mjs:136:16\n\n.venv\\Lib\\site-packages\\selenium\\webdriver\\support\\wait.py:105: TimeoutException"}, "steps": [{"name": "Клик по элементу", "status": "passed", "steps": [{"name": "Ждем пока элемент прогрузится", "status": "passed", "parameters": [{"name": "locator", "value": "('xpath', \".//p[contains(text(), 'Личный Кабинет')]\")"}], "start": 1724832797731, "stop": 1724832797738}], "parameters": [{"name": "locator", "value": "('xpath', \".//p[contains(text(), 'Личный Кабинет')]\")"}], "start": 1724832797731, "stop": 1724832798958}, {"name": "Выйти из ЛК", "status": "broken", "statusDetails": {"message": "selenium.common.exceptions.TimeoutException: Message: \nStacktrace:\nRemoteError@chrome://remote/content/shared/RemoteError.sys.mjs:8:8\nWebDriverError@chrome://remote/content/shared/webdriver/Errors.sys.mjs:193:5\nNoSuchElementError@chrome://remote/content/shared/webdriver/Errors.sys.mjs:511:5\ndom.find/</<@chrome://remote/content/shared/DOM.sys.mjs:136:16\n\n", "trace": "  File \"C:\\Users\\Jason\\PycharmProjects\\Diplom_3\\.venv\\Lib\\site-packages\\allure_commons\\_allure.py\", line 192, in impl\n    return func(*a, **kw)\n           ^^^^^^^^^^^^^^\n  File \"C:\\Users\\Jason\\PycharmProjects\\Diplom_3\\pages\\dash_page.py\", line 17, in click_logout\n    self.click_thing(DashPageLocators.logout_button)\n  File \"C:\\Users\\Jason\\PycharmProjects\\Diplom_3\\.venv\\Lib\\site-packages\\allure_commons\\_allure.py\", line 192, in impl\n    return func(*a, **kw)\n           ^^^^^^^^^^^^^^\n  File \"C:\\Users\\Jason\\PycharmProjects\\Diplom_3\\pages\\base_page.py\", line 24, in click_thing\n    element = self.wait_thing(locator)\n              ^^^^^^^^^^^^^^^^^^^^^^^^\n  File \"C:\\Users\\Jason\\PycharmProjects\\Diplom_3\\.venv\\Lib\\site-packages\\allure_commons\\_allure.py\", line 192, in impl\n    return func(*a, **kw)\n           ^^^^^^^^^^^^^^\n  File \"C:\\Users\\Jason\\PycharmProjects\\Diplom_3\\pages\\base_page.py\", line 20, in wait_thing\n    return WebDriverWait(self.driver, 30).until(expected_conditions.element_to_be_clickable(locator))\n           ^^^^^^^^^^^^^^^^^^^^^^^^^^^^^^^^^^^^^^^^^^^^^^^^^^^^^^^^^^^^^^^^^^^^^^^^^^^^^^^^^^^^^^^^^^\n  File \"C:\\Users\\Jason\\PycharmProjects\\Diplom_3\\.venv\\Lib\\site-packages\\selenium\\webdriver\\support\\wait.py\", line 105, in until\n    raise TimeoutException(message, screen, stacktrace)\n"}, "steps": [{"name": "Клик по элементу", "status": "broken", "statusDetails": {"message": "selenium.common.exceptions.TimeoutException: Message: \nStacktrace:\nRemoteError@chrome://remote/content/shared/RemoteError.sys.mjs:8:8\nWebDriverError@chrome://remote/content/shared/webdriver/Errors.sys.mjs:193:5\nNoSuchElementError@chrome://remote/content/shared/webdriver/Errors.sys.mjs:511:5\ndom.find/</<@chrome://remote/content/shared/DOM.sys.mjs:136:16\n\n", "trace": "  File \"C:\\Users\\Jason\\PycharmProjects\\Diplom_3\\.venv\\Lib\\site-packages\\allure_commons\\_allure.py\", line 192, in impl\n    return func(*a, **kw)\n           ^^^^^^^^^^^^^^\n  File \"C:\\Users\\Jason\\PycharmProjects\\Diplom_3\\pages\\base_page.py\", line 24, in click_thing\n    element = self.wait_thing(locator)\n              ^^^^^^^^^^^^^^^^^^^^^^^^\n  File \"C:\\Users\\Jason\\PycharmProjects\\Diplom_3\\.venv\\Lib\\site-packages\\allure_commons\\_allure.py\", line 192, in impl\n    return func(*a, **kw)\n           ^^^^^^^^^^^^^^\n  File \"C:\\Users\\Jason\\PycharmProjects\\Diplom_3\\pages\\base_page.py\", line 20, in wait_thing\n    return WebDriverWait(self.driver, 30).until(expected_conditions.element_to_be_clickable(locator))\n           ^^^^^^^^^^^^^^^^^^^^^^^^^^^^^^^^^^^^^^^^^^^^^^^^^^^^^^^^^^^^^^^^^^^^^^^^^^^^^^^^^^^^^^^^^^\n  File \"C:\\Users\\Jason\\PycharmProjects\\Diplom_3\\.venv\\Lib\\site-packages\\selenium\\webdriver\\support\\wait.py\", line 105, in until\n    raise TimeoutException(message, screen, stacktrace)\n"}, "steps": [{"name": "Ждем пока элемент прогрузится", "status": "broken", "statusDetails": {"message": "selenium.common.exceptions.TimeoutException: Message: \nStacktrace:\nRemoteError@chrome://remote/content/shared/RemoteError.sys.mjs:8:8\nWebDriverError@chrome://remote/content/shared/webdriver/Errors.sys.mjs:193:5\nNoSuchElementError@chrome://remote/content/shared/webdriver/Errors.sys.mjs:511:5\ndom.find/</<@chrome://remote/content/shared/DOM.sys.mjs:136:16\n\n", "trace": "  File \"C:\\Users\\Jason\\PycharmProjects\\Diplom_3\\.venv\\Lib\\site-packages\\allure_commons\\_allure.py\", line 192, in impl\n    return func(*a, **kw)\n           ^^^^^^^^^^^^^^\n  File \"C:\\Users\\Jason\\PycharmProjects\\Diplom_3\\pages\\base_page.py\", line 20, in wait_thing\n    return WebDriverWait(self.driver, 30).until(expected_conditions.element_to_be_clickable(locator))\n           ^^^^^^^^^^^^^^^^^^^^^^^^^^^^^^^^^^^^^^^^^^^^^^^^^^^^^^^^^^^^^^^^^^^^^^^^^^^^^^^^^^^^^^^^^^\n  File \"C:\\Users\\Jason\\PycharmProjects\\Diplom_3\\.venv\\Lib\\site-packages\\selenium\\webdriver\\support\\wait.py\", line 105, in until\n    raise TimeoutException(message, screen, stacktrace)\n"}, "parameters": [{"name": "locator", "value": "('xpath', \".//button[text() = 'Выход']\")"}], "start": 1724832798958, "stop": 1724832829093}], "parameters": [{"name": "locator", "value": "('xpath', \".//button[text() = 'Выход']\")"}], "start": 1724832798958, "stop": 1724832829093}], "start": 1724832798958, "stop": 1724832829094}], "attachments": [{"name": "log", "source": "b26a8577-19a8-4cf2-9a63-e01f8920f18e-attachment.txt", "type": "text/plain"}], "parameters": [{"name": "driver", "value": "'firefox'"}], "start": 1724832797731, "stop": 1724832829094, "uuid": "2d20fe58-459b-49b5-8fdb-d13e93c9b9d5", "historyId": "f44b58644d8ad2d60e5be0459b195590", "testCaseId": "d1d5cc141adae4dc8257e24237f2dffa", "fullName": "tests.test_dashboard.TestDashboard#test_logout_success", "labels": [{"name": "parentSuite", "value": "tests"}, {"name": "suite", "value": "test_dashboard"}, {"name": "subSuite", "value": "TestDashboard"}, {"name": "host", "value": "SlyPC"}, {"name": "thread", "value": "37204-MainThread"}, {"name": "framework", "value": "pytest"}, {"name": "language", "value": "cpython3"}, {"name": "package", "value": "tests.test_dashboard"}]}